#! /usr/bin/vvp
:ivl_version "11.0 (stable)";
:ivl_delay_selection "TYPICAL";
:vpi_time_precision + 0;
:vpi_module "/usr/lib/x86_64-linux-gnu/ivl/system.vpi";
:vpi_module "/usr/lib/x86_64-linux-gnu/ivl/vhdl_sys.vpi";
:vpi_module "/usr/lib/x86_64-linux-gnu/ivl/vhdl_textio.vpi";
:vpi_module "/usr/lib/x86_64-linux-gnu/ivl/v2005_math.vpi";
:vpi_module "/usr/lib/x86_64-linux-gnu/ivl/va_math.vpi";
S_0x55f6f345bae0 .scope module, "pcupdate_64_tb" "pcupdate_64_tb" 2 3;
 .timescale 0 0;
v0x55f6f347e6c0_0 .var "clk", 0 0;
v0x55f6f347e780_0 .var "cnd", 0 0;
v0x55f6f347e850_0 .var "icode", 3 0;
v0x55f6f347e950_0 .net "new_pc", 63 0, v0x55f6f347e210_0;  1 drivers
v0x55f6f347ea20_0 .var "valC", 63 0;
v0x55f6f347eb10_0 .var "valM", 63 0;
v0x55f6f347ebe0_0 .var "valP", 63 0;
S_0x55f6f345bc70 .scope module, "uut2" "pc_update_64" 2 11, 3 1 0, S_0x55f6f345bae0;
 .timescale 0 0;
    .port_info 0 /INPUT 1 "clk";
    .port_info 1 /INPUT 4 "icode";
    .port_info 2 /INPUT 64 "valC";
    .port_info 3 /INPUT 64 "valM";
    .port_info 4 /INPUT 64 "valP";
    .port_info 5 /INPUT 1 "cnd";
    .port_info 6 /OUTPUT 64 "new_pc";
v0x55f6f34207b0_0 .net "clk", 0 0, v0x55f6f347e6c0_0;  1 drivers
v0x55f6f3420ba0_0 .net "cnd", 0 0, v0x55f6f347e780_0;  1 drivers
v0x55f6f347e150_0 .net "icode", 3 0, v0x55f6f347e850_0;  1 drivers
v0x55f6f347e210_0 .var "new_pc", 63 0;
v0x55f6f347e2f0_0 .net "valC", 63 0, v0x55f6f347ea20_0;  1 drivers
v0x55f6f347e420_0 .net "valM", 63 0, v0x55f6f347eb10_0;  1 drivers
v0x55f6f347e500_0 .net "valP", 63 0, v0x55f6f347ebe0_0;  1 drivers
E_0x55f6f3458480/0 .event edge, v0x55f6f347e150_0, v0x55f6f347e500_0, v0x55f6f3420ba0_0, v0x55f6f347e2f0_0;
E_0x55f6f3458480/1 .event edge, v0x55f6f347e420_0;
E_0x55f6f3458480 .event/or E_0x55f6f3458480/0, E_0x55f6f3458480/1;
    .scope S_0x55f6f345bc70;
T_0 ;
    %wait E_0x55f6f3458480;
    %load/vec4 v0x55f6f347e150_0;
    %dup/vec4;
    %pushi/vec4 0, 0, 4;
    %cmp/u;
    %jmp/1 T_0.0, 6;
    %dup/vec4;
    %pushi/vec4 1, 0, 4;
    %cmp/u;
    %jmp/1 T_0.1, 6;
    %dup/vec4;
    %pushi/vec4 2, 0, 4;
    %cmp/u;
    %jmp/1 T_0.2, 6;
    %dup/vec4;
    %pushi/vec4 3, 0, 4;
    %cmp/u;
    %jmp/1 T_0.3, 6;
    %dup/vec4;
    %pushi/vec4 4, 0, 4;
    %cmp/u;
    %jmp/1 T_0.4, 6;
    %dup/vec4;
    %pushi/vec4 5, 0, 4;
    %cmp/u;
    %jmp/1 T_0.5, 6;
    %dup/vec4;
    %pushi/vec4 6, 0, 4;
    %cmp/u;
    %jmp/1 T_0.6, 6;
    %dup/vec4;
    %pushi/vec4 7, 0, 4;
    %cmp/u;
    %jmp/1 T_0.7, 6;
    %dup/vec4;
    %pushi/vec4 8, 0, 4;
    %cmp/u;
    %jmp/1 T_0.8, 6;
    %dup/vec4;
    %pushi/vec4 9, 0, 4;
    %cmp/u;
    %jmp/1 T_0.9, 6;
    %dup/vec4;
    %pushi/vec4 10, 0, 4;
    %cmp/u;
    %jmp/1 T_0.10, 6;
    %dup/vec4;
    %pushi/vec4 11, 0, 4;
    %cmp/u;
    %jmp/1 T_0.11, 6;
    %load/vec4 v0x55f6f347e500_0;
    %store/vec4 v0x55f6f347e210_0, 0, 64;
    %jmp T_0.13;
T_0.0 ;
    %pushi/vec4 0, 0, 64;
    %store/vec4 v0x55f6f347e210_0, 0, 64;
    %jmp T_0.13;
T_0.1 ;
    %load/vec4 v0x55f6f347e500_0;
    %store/vec4 v0x55f6f347e210_0, 0, 64;
    %jmp T_0.13;
T_0.2 ;
    %load/vec4 v0x55f6f347e500_0;
    %store/vec4 v0x55f6f347e210_0, 0, 64;
    %jmp T_0.13;
T_0.3 ;
    %load/vec4 v0x55f6f347e500_0;
    %store/vec4 v0x55f6f347e210_0, 0, 64;
    %jmp T_0.13;
T_0.4 ;
    %load/vec4 v0x55f6f347e500_0;
    %store/vec4 v0x55f6f347e210_0, 0, 64;
    %jmp T_0.13;
T_0.5 ;
    %load/vec4 v0x55f6f347e500_0;
    %store/vec4 v0x55f6f347e210_0, 0, 64;
    %jmp T_0.13;
T_0.6 ;
    %load/vec4 v0x55f6f347e500_0;
    %store/vec4 v0x55f6f347e210_0, 0, 64;
    %jmp T_0.13;
T_0.7 ;
    %load/vec4 v0x55f6f3420ba0_0;
    %pad/u 32;
    %cmpi/e 1, 0, 32;
    %jmp/0xz  T_0.14, 4;
    %load/vec4 v0x55f6f347e2f0_0;
    %store/vec4 v0x55f6f347e210_0, 0, 64;
    %jmp T_0.15;
T_0.14 ;
    %load/vec4 v0x55f6f347e500_0;
    %store/vec4 v0x55f6f347e210_0, 0, 64;
T_0.15 ;
    %jmp T_0.13;
T_0.8 ;
    %load/vec4 v0x55f6f347e2f0_0;
    %store/vec4 v0x55f6f347e210_0, 0, 64;
    %jmp T_0.13;
T_0.9 ;
    %load/vec4 v0x55f6f347e420_0;
    %store/vec4 v0x55f6f347e210_0, 0, 64;
    %jmp T_0.13;
T_0.10 ;
    %load/vec4 v0x55f6f347e500_0;
    %store/vec4 v0x55f6f347e210_0, 0, 64;
    %jmp T_0.13;
T_0.11 ;
    %load/vec4 v0x55f6f347e500_0;
    %store/vec4 v0x55f6f347e210_0, 0, 64;
    %jmp T_0.13;
T_0.13 ;
    %pop/vec4 1;
    %jmp T_0;
    .thread T_0, $push;
    .scope S_0x55f6f345bae0;
T_1 ;
    %vpi_call 2 14 "$dumpfile", "pcupdate_output.vcd" {0 0 0};
    %vpi_call 2 15 "$dumpvars", 32'sb00000000000000000000000000000000, S_0x55f6f345bae0 {0 0 0};
    %end;
    .thread T_1;
    .scope S_0x55f6f345bae0;
T_2 ;
    %delay 5, 0;
    %load/vec4 v0x55f6f347e6c0_0;
    %inv;
    %store/vec4 v0x55f6f347e6c0_0, 0, 1;
    %jmp T_2;
    .thread T_2;
    .scope S_0x55f6f345bae0;
T_3 ;
    %vpi_call 2 21 "$monitor", $time, "ns: icode:%d \011 new-pc: %d", v0x55f6f347e850_0, v0x55f6f347e950_0 {0 0 0};
    %pushi/vec4 1, 0, 1;
    %store/vec4 v0x55f6f347e6c0_0, 0, 1;
    %pushi/vec4 1, 0, 1;
    %store/vec4 v0x55f6f347e780_0, 0, 1;
    %pushi/vec4 112, 0, 64;
    %store/vec4 v0x55f6f347ebe0_0, 0, 64;
    %pushi/vec4 100, 0, 64;
    %store/vec4 v0x55f6f347ea20_0, 0, 64;
    %pushi/vec4 17, 0, 64;
    %store/vec4 v0x55f6f347eb10_0, 0, 64;
    %pushi/vec4 0, 0, 4;
    %store/vec4 v0x55f6f347e850_0, 0, 4;
    %delay 10, 0;
    %pushi/vec4 1, 0, 64;
    %store/vec4 v0x55f6f347ebe0_0, 0, 64;
    %pushi/vec4 2, 0, 64;
    %store/vec4 v0x55f6f347ea20_0, 0, 64;
    %pushi/vec4 3, 0, 64;
    %store/vec4 v0x55f6f347eb10_0, 0, 64;
    %pushi/vec4 1, 0, 4;
    %store/vec4 v0x55f6f347e850_0, 0, 4;
    %delay 10, 0;
    %pushi/vec4 11, 0, 64;
    %store/vec4 v0x55f6f347ebe0_0, 0, 64;
    %pushi/vec4 22, 0, 64;
    %store/vec4 v0x55f6f347ea20_0, 0, 64;
    %pushi/vec4 33, 0, 64;
    %store/vec4 v0x55f6f347eb10_0, 0, 64;
    %pushi/vec4 2, 0, 4;
    %store/vec4 v0x55f6f347e850_0, 0, 4;
    %delay 10, 0;
    %pushi/vec4 1, 0, 64;
    %store/vec4 v0x55f6f347ebe0_0, 0, 64;
    %pushi/vec4 2, 0, 64;
    %store/vec4 v0x55f6f347ea20_0, 0, 64;
    %pushi/vec4 3, 0, 64;
    %store/vec4 v0x55f6f347eb10_0, 0, 64;
    %pushi/vec4 3, 0, 4;
    %store/vec4 v0x55f6f347e850_0, 0, 4;
    %delay 10, 0;
    %pushi/vec4 11, 0, 64;
    %store/vec4 v0x55f6f347ebe0_0, 0, 64;
    %pushi/vec4 22, 0, 64;
    %store/vec4 v0x55f6f347ea20_0, 0, 64;
    %pushi/vec4 33, 0, 64;
    %store/vec4 v0x55f6f347eb10_0, 0, 64;
    %pushi/vec4 4, 0, 4;
    %store/vec4 v0x55f6f347e850_0, 0, 4;
    %delay 10, 0;
    %pushi/vec4 1, 0, 64;
    %store/vec4 v0x55f6f347ebe0_0, 0, 64;
    %pushi/vec4 2, 0, 64;
    %store/vec4 v0x55f6f347ea20_0, 0, 64;
    %pushi/vec4 3, 0, 64;
    %store/vec4 v0x55f6f347eb10_0, 0, 64;
    %pushi/vec4 5, 0, 4;
    %store/vec4 v0x55f6f347e850_0, 0, 4;
    %delay 10, 0;
    %pushi/vec4 11, 0, 64;
    %store/vec4 v0x55f6f347ebe0_0, 0, 64;
    %pushi/vec4 22, 0, 64;
    %store/vec4 v0x55f6f347ea20_0, 0, 64;
    %pushi/vec4 33, 0, 64;
    %store/vec4 v0x55f6f347eb10_0, 0, 64;
    %pushi/vec4 6, 0, 4;
    %store/vec4 v0x55f6f347e850_0, 0, 4;
    %delay 10, 0;
    %pushi/vec4 1, 0, 64;
    %store/vec4 v0x55f6f347ebe0_0, 0, 64;
    %pushi/vec4 2, 0, 64;
    %store/vec4 v0x55f6f347ea20_0, 0, 64;
    %pushi/vec4 3, 0, 64;
    %store/vec4 v0x55f6f347eb10_0, 0, 64;
    %pushi/vec4 7, 0, 4;
    %store/vec4 v0x55f6f347e850_0, 0, 4;
    %delay 10, 0;
    %pushi/vec4 11, 0, 64;
    %store/vec4 v0x55f6f347ebe0_0, 0, 64;
    %pushi/vec4 22, 0, 64;
    %store/vec4 v0x55f6f347ea20_0, 0, 64;
    %pushi/vec4 33, 0, 64;
    %store/vec4 v0x55f6f347eb10_0, 0, 64;
    %pushi/vec4 8, 0, 4;
    %store/vec4 v0x55f6f347e850_0, 0, 4;
    %delay 10, 0;
    %pushi/vec4 1, 0, 64;
    %store/vec4 v0x55f6f347ebe0_0, 0, 64;
    %pushi/vec4 2, 0, 64;
    %store/vec4 v0x55f6f347ea20_0, 0, 64;
    %pushi/vec4 3, 0, 64;
    %store/vec4 v0x55f6f347eb10_0, 0, 64;
    %pushi/vec4 9, 0, 4;
    %store/vec4 v0x55f6f347e850_0, 0, 4;
    %delay 10, 0;
    %pushi/vec4 11, 0, 64;
    %store/vec4 v0x55f6f347ebe0_0, 0, 64;
    %pushi/vec4 22, 0, 64;
    %store/vec4 v0x55f6f347ea20_0, 0, 64;
    %pushi/vec4 33, 0, 64;
    %store/vec4 v0x55f6f347eb10_0, 0, 64;
    %pushi/vec4 10, 0, 4;
    %store/vec4 v0x55f6f347e850_0, 0, 4;
    %delay 10, 0;
    %pushi/vec4 1, 0, 64;
    %store/vec4 v0x55f6f347ebe0_0, 0, 64;
    %pushi/vec4 2, 0, 64;
    %store/vec4 v0x55f6f347ea20_0, 0, 64;
    %pushi/vec4 3, 0, 64;
    %store/vec4 v0x55f6f347eb10_0, 0, 64;
    %pushi/vec4 11, 0, 4;
    %store/vec4 v0x55f6f347e850_0, 0, 4;
    %delay 10, 0;
    %vpi_call 2 109 "$finish" {0 0 0};
    %end;
    .thread T_3;
# The file index is used to find the file name in the following table.
:file_names 4;
    "N/A";
    "<interactive>";
    "pcupdate_64_tb.v";
    "./pcupdate_64.v";
