#! /usr/bin/vvp
:ivl_version "11.0 (stable)";
:ivl_delay_selection "TYPICAL";
:vpi_time_precision + 0;
:vpi_module "/usr/lib/x86_64-linux-gnu/ivl/system.vpi";
:vpi_module "/usr/lib/x86_64-linux-gnu/ivl/vhdl_sys.vpi";
:vpi_module "/usr/lib/x86_64-linux-gnu/ivl/vhdl_textio.vpi";
:vpi_module "/usr/lib/x86_64-linux-gnu/ivl/v2005_math.vpi";
:vpi_module "/usr/lib/x86_64-linux-gnu/ivl/va_math.vpi";
S_0x55707e3bb5a0 .scope module, "memory_64_tb" "memory_64_tb" 2 3;
 .timescale 0 0;
v0x55707e3e4d60_0 .var "Min", 8191 0;
v0x55707e3e4e50_0 .net "Mout", 8191 0, v0x55707e3e4570_0;  1 drivers
v0x55707e3e4f50_0 .var "clk", 0 0;
v0x55707e3e5050_0 .var/i "i", 31 0;
v0x55707e3e50f0_0 .var "icode", 3 0;
v0x55707e3e5190_0 .var "valA", 63 0;
v0x55707e3e5260_0 .var "valE", 63 0;
v0x55707e3e5330_0 .net "valM", 63 0, v0x55707e3e4aa0_0;  1 drivers
v0x55707e3e5400_0 .var "valP", 63 0;
E_0x55707e3b5820 .event posedge, v0x55707e3e4630_0;
S_0x55707e3bb750 .scope module, "uut3" "memory_64" 2 14, 3 1 0, S_0x55707e3bb5a0;
 .timescale 0 0;
    .port_info 0 /INPUT 1 "clk";
    .port_info 1 /INPUT 8192 "Min";
    .port_info 2 /OUTPUT 8192 "Mout";
    .port_info 3 /INPUT 4 "icode";
    .port_info 4 /INPUT 64 "valE";
    .port_info 5 /INPUT 64 "valA";
    .port_info 6 /INPUT 64 "valP";
    .port_info 7 /OUTPUT 64 "valM";
v0x55707e37dba0_0 .net "Min", 8191 0, v0x55707e3e4d60_0;  1 drivers
v0x55707e3e4570_0 .var "Mout", 8191 0;
v0x55707e3e4630_0 .net "clk", 0 0, v0x55707e3e4f50_0;  1 drivers
v0x55707e3e46d0_0 .var/i "i", 31 0;
v0x55707e3e47b0_0 .net "icode", 3 0, v0x55707e3e50f0_0;  1 drivers
v0x55707e3e48e0_0 .net "valA", 63 0, v0x55707e3e5190_0;  1 drivers
v0x55707e3e49c0_0 .net "valE", 63 0, v0x55707e3e5260_0;  1 drivers
v0x55707e3e4aa0_0 .var "valM", 63 0;
v0x55707e3e4b80_0 .net "valP", 63 0, v0x55707e3e5400_0;  1 drivers
E_0x55707e3b6510/0 .event edge, v0x55707e37dba0_0, v0x55707e3e47b0_0, v0x55707e3e48e0_0, v0x55707e3e49c0_0;
E_0x55707e3b6510/1 .event edge, v0x55707e3e4570_0, v0x55707e3e4aa0_0, v0x55707e3e4b80_0;
E_0x55707e3b6510 .event/or E_0x55707e3b6510/0, E_0x55707e3b6510/1;
    .scope S_0x55707e3bb750;
T_0 ;
    %wait E_0x55707e3b6510;
    %pushi/vec4 0, 0, 32;
    %store/vec4 v0x55707e3e46d0_0, 0, 32;
T_0.0 ;
    %load/vec4 v0x55707e3e46d0_0;
    %cmpi/s 1024, 0, 32;
    %jmp/0xz T_0.1, 5;
    %load/vec4 v0x55707e37dba0_0;
    %load/vec4 v0x55707e3e46d0_0;
    %pad/s 42;
    %muli 1024, 0, 42;
    %part/s 1024;
    %load/vec4 v0x55707e3e46d0_0;
    %pad/s 42;
    %muli 1024, 0, 42;
    %ix/vec4/s 4;
    %store/vec4 v0x55707e3e4570_0, 4, 1024;
    %load/vec4 v0x55707e3e46d0_0;
    %addi 1, 0, 32;
    %store/vec4 v0x55707e3e46d0_0, 0, 32;
    %jmp T_0.0;
T_0.1 ;
    %load/vec4 v0x55707e3e47b0_0;
    %dup/vec4;
    %pushi/vec4 4, 0, 4;
    %cmp/u;
    %jmp/1 T_0.2, 6;
    %dup/vec4;
    %pushi/vec4 5, 0, 4;
    %cmp/u;
    %jmp/1 T_0.3, 6;
    %dup/vec4;
    %pushi/vec4 8, 0, 4;
    %cmp/u;
    %jmp/1 T_0.4, 6;
    %dup/vec4;
    %pushi/vec4 9, 0, 4;
    %cmp/u;
    %jmp/1 T_0.5, 6;
    %dup/vec4;
    %pushi/vec4 10, 0, 4;
    %cmp/u;
    %jmp/1 T_0.6, 6;
    %dup/vec4;
    %pushi/vec4 11, 0, 4;
    %cmp/u;
    %jmp/1 T_0.7, 6;
    %jmp T_0.9;
T_0.2 ;
    %load/vec4 v0x55707e3e48e0_0;
    %pad/u 1024;
    %load/vec4 v0x55707e3e49c0_0;
    %pad/u 74;
    %muli 1024, 0, 74;
    %ix/vec4 4;
    %store/vec4 v0x55707e3e4570_0, 4, 1024;
    %vpi_call 3 13 "$display", "icode: %4b Mem allocated %d at valE", v0x55707e3e47b0_0, v0x55707e3e48e0_0, v0x55707e3e49c0_0 {0 0 0};
    %jmp T_0.9;
T_0.3 ;
    %load/vec4 v0x55707e3e4570_0;
    %load/vec4 v0x55707e3e49c0_0;
    %pad/u 74;
    %muli 1024, 0, 74;
    %part/u 1024;
    %pad/u 64;
    %store/vec4 v0x55707e3e4aa0_0, 0, 64;
    %vpi_call 3 17 "$display", "icode: %4b Value read %d", v0x55707e3e47b0_0, v0x55707e3e4aa0_0 {0 0 0};
    %jmp T_0.9;
T_0.4 ;
    %load/vec4 v0x55707e3e4b80_0;
    %pad/u 1024;
    %load/vec4 v0x55707e3e49c0_0;
    %pad/u 74;
    %muli 1024, 0, 74;
    %ix/vec4 4;
    %store/vec4 v0x55707e3e4570_0, 4, 1024;
    %vpi_call 3 21 "$display", "icode: %4b Mem allocated %d at valE", v0x55707e3e47b0_0, v0x55707e3e4b80_0, v0x55707e3e49c0_0 {0 0 0};
    %jmp T_0.9;
T_0.5 ;
    %load/vec4 v0x55707e3e4570_0;
    %load/vec4 v0x55707e3e48e0_0;
    %pad/u 74;
    %muli 1024, 0, 74;
    %part/u 1024;
    %pad/u 64;
    %store/vec4 v0x55707e3e4aa0_0, 0, 64;
    %vpi_call 3 25 "$display", "icode: %4b Value read %d", v0x55707e3e47b0_0, v0x55707e3e4aa0_0 {0 0 0};
    %jmp T_0.9;
T_0.6 ;
    %load/vec4 v0x55707e3e48e0_0;
    %pad/u 1024;
    %load/vec4 v0x55707e3e49c0_0;
    %pad/u 74;
    %muli 1024, 0, 74;
    %ix/vec4 4;
    %store/vec4 v0x55707e3e4570_0, 4, 1024;
    %vpi_call 3 29 "$display", "icode: %4b Mem allocated %d at valE", v0x55707e3e47b0_0, v0x55707e3e48e0_0, v0x55707e3e49c0_0 {0 0 0};
    %jmp T_0.9;
T_0.7 ;
    %load/vec4 v0x55707e3e4570_0;
    %load/vec4 v0x55707e3e48e0_0;
    %pad/u 74;
    %muli 1024, 0, 74;
    %part/u 1024;
    %pad/u 64;
    %store/vec4 v0x55707e3e4aa0_0, 0, 64;
    %vpi_call 3 33 "$display", "icode: %4b Value read %d", v0x55707e3e47b0_0, v0x55707e3e4aa0_0 {0 0 0};
    %jmp T_0.9;
T_0.9 ;
    %pop/vec4 1;
    %jmp T_0;
    .thread T_0, $push;
    .scope S_0x55707e3bb5a0;
T_1 ;
    %vpi_call 2 17 "$dumpfile", "memory_output.vcd" {0 0 0};
    %vpi_call 2 18 "$dumpvars", 32'sb00000000000000000000000000000000, S_0x55707e3bb5a0 {0 0 0};
    %pushi/vec4 0, 0, 32;
    %store/vec4 v0x55707e3e5050_0, 0, 32;
    %pushi/vec4 0, 0, 32;
    %store/vec4 v0x55707e3e5050_0, 0, 32;
T_1.0 ;
    %load/vec4 v0x55707e3e5050_0;
    %cmpi/s 1024, 0, 32;
    %jmp/0xz T_1.1, 5;
    %load/vec4 v0x55707e3e5050_0;
    %pad/s 1024;
    %load/vec4 v0x55707e3e5050_0;
    %pad/s 42;
    %muli 1024, 0, 42;
    %ix/vec4/s 4;
    %store/vec4 v0x55707e3e4d60_0, 4, 1024;
    %load/vec4 v0x55707e3e5050_0;
    %addi 1, 0, 32;
    %store/vec4 v0x55707e3e5050_0, 0, 32;
    %jmp T_1.0;
T_1.1 ;
    %end;
    .thread T_1;
    .scope S_0x55707e3bb5a0;
T_2 ;
    %delay 5, 0;
    %load/vec4 v0x55707e3e4f50_0;
    %inv;
    %store/vec4 v0x55707e3e4f50_0, 0, 1;
    %jmp T_2;
    .thread T_2;
    .scope S_0x55707e3bb5a0;
T_3 ;
    %wait E_0x55707e3b5820;
    %pushi/vec4 0, 0, 32;
    %store/vec4 v0x55707e3e5050_0, 0, 32;
T_3.0 ;
    %load/vec4 v0x55707e3e5050_0;
    %cmpi/s 1024, 0, 32;
    %jmp/0xz T_3.1, 5;
    %load/vec4 v0x55707e3e4e50_0;
    %load/vec4 v0x55707e3e5050_0;
    %pad/s 42;
    %muli 1024, 0, 42;
    %part/s 1024;
    %ix/load 5, 0, 0;
    %load/vec4 v0x55707e3e5050_0;
    %pad/s 42;
    %muli 1024, 0, 42;
    %ix/vec4/s 4;
    %assign/vec4/off/d v0x55707e3e4d60_0, 4, 5;
    %load/vec4 v0x55707e3e5050_0;
    %addi 1, 0, 32;
    %store/vec4 v0x55707e3e5050_0, 0, 32;
    %jmp T_3.0;
T_3.1 ;
    %jmp T_3;
    .thread T_3;
    .scope S_0x55707e3bb5a0;
T_4 ;
    %pushi/vec4 0, 0, 1;
    %store/vec4 v0x55707e3e4f50_0, 0, 1;
    %pushi/vec4 112, 0, 64;
    %store/vec4 v0x55707e3e5400_0, 0, 64;
    %pushi/vec4 100, 0, 64;
    %store/vec4 v0x55707e3e5260_0, 0, 64;
    %pushi/vec4 17, 0, 64;
    %store/vec4 v0x55707e3e5190_0, 0, 64;
    %pushi/vec4 0, 0, 4;
    %store/vec4 v0x55707e3e50f0_0, 0, 4;
    %delay 10, 0;
    %pushi/vec4 1, 0, 64;
    %store/vec4 v0x55707e3e5400_0, 0, 64;
    %pushi/vec4 2, 0, 64;
    %store/vec4 v0x55707e3e5260_0, 0, 64;
    %pushi/vec4 3, 0, 64;
    %store/vec4 v0x55707e3e5190_0, 0, 64;
    %pushi/vec4 1, 0, 4;
    %store/vec4 v0x55707e3e50f0_0, 0, 4;
    %delay 10, 0;
    %pushi/vec4 11, 0, 64;
    %store/vec4 v0x55707e3e5400_0, 0, 64;
    %pushi/vec4 22, 0, 64;
    %store/vec4 v0x55707e3e5260_0, 0, 64;
    %pushi/vec4 33, 0, 64;
    %store/vec4 v0x55707e3e5190_0, 0, 64;
    %pushi/vec4 2, 0, 4;
    %store/vec4 v0x55707e3e50f0_0, 0, 4;
    %delay 10, 0;
    %pushi/vec4 1, 0, 64;
    %store/vec4 v0x55707e3e5400_0, 0, 64;
    %pushi/vec4 2, 0, 64;
    %store/vec4 v0x55707e3e5260_0, 0, 64;
    %pushi/vec4 3, 0, 64;
    %store/vec4 v0x55707e3e5190_0, 0, 64;
    %pushi/vec4 3, 0, 4;
    %store/vec4 v0x55707e3e50f0_0, 0, 4;
    %delay 10, 0;
    %pushi/vec4 11, 0, 64;
    %store/vec4 v0x55707e3e5400_0, 0, 64;
    %pushi/vec4 22, 0, 64;
    %store/vec4 v0x55707e3e5260_0, 0, 64;
    %pushi/vec4 33, 0, 64;
    %store/vec4 v0x55707e3e5190_0, 0, 64;
    %pushi/vec4 4, 0, 4;
    %store/vec4 v0x55707e3e50f0_0, 0, 4;
    %delay 10, 0;
    %pushi/vec4 1, 0, 64;
    %store/vec4 v0x55707e3e5400_0, 0, 64;
    %pushi/vec4 2, 0, 64;
    %store/vec4 v0x55707e3e5260_0, 0, 64;
    %pushi/vec4 3, 0, 64;
    %store/vec4 v0x55707e3e5190_0, 0, 64;
    %pushi/vec4 5, 0, 4;
    %store/vec4 v0x55707e3e50f0_0, 0, 4;
    %delay 10, 0;
    %pushi/vec4 11, 0, 64;
    %store/vec4 v0x55707e3e5400_0, 0, 64;
    %pushi/vec4 22, 0, 64;
    %store/vec4 v0x55707e3e5260_0, 0, 64;
    %pushi/vec4 33, 0, 64;
    %store/vec4 v0x55707e3e5190_0, 0, 64;
    %pushi/vec4 6, 0, 4;
    %store/vec4 v0x55707e3e50f0_0, 0, 4;
    %delay 10, 0;
    %pushi/vec4 1, 0, 64;
    %store/vec4 v0x55707e3e5400_0, 0, 64;
    %pushi/vec4 2, 0, 64;
    %store/vec4 v0x55707e3e5260_0, 0, 64;
    %pushi/vec4 3, 0, 64;
    %store/vec4 v0x55707e3e5190_0, 0, 64;
    %pushi/vec4 7, 0, 4;
    %store/vec4 v0x55707e3e50f0_0, 0, 4;
    %delay 10, 0;
    %pushi/vec4 11, 0, 64;
    %store/vec4 v0x55707e3e5400_0, 0, 64;
    %pushi/vec4 22, 0, 64;
    %store/vec4 v0x55707e3e5260_0, 0, 64;
    %pushi/vec4 33, 0, 64;
    %store/vec4 v0x55707e3e5190_0, 0, 64;
    %pushi/vec4 8, 0, 4;
    %store/vec4 v0x55707e3e50f0_0, 0, 4;
    %delay 10, 0;
    %pushi/vec4 1, 0, 64;
    %store/vec4 v0x55707e3e5400_0, 0, 64;
    %pushi/vec4 2, 0, 64;
    %store/vec4 v0x55707e3e5260_0, 0, 64;
    %pushi/vec4 3, 0, 64;
    %store/vec4 v0x55707e3e5190_0, 0, 64;
    %pushi/vec4 9, 0, 4;
    %store/vec4 v0x55707e3e50f0_0, 0, 4;
    %delay 10, 0;
    %pushi/vec4 11, 0, 64;
    %store/vec4 v0x55707e3e5400_0, 0, 64;
    %pushi/vec4 22, 0, 64;
    %store/vec4 v0x55707e3e5260_0, 0, 64;
    %pushi/vec4 33, 0, 64;
    %store/vec4 v0x55707e3e5190_0, 0, 64;
    %pushi/vec4 10, 0, 4;
    %store/vec4 v0x55707e3e50f0_0, 0, 4;
    %delay 10, 0;
    %pushi/vec4 1, 0, 64;
    %store/vec4 v0x55707e3e5400_0, 0, 64;
    %pushi/vec4 2, 0, 64;
    %store/vec4 v0x55707e3e5260_0, 0, 64;
    %pushi/vec4 3, 0, 64;
    %store/vec4 v0x55707e3e5190_0, 0, 64;
    %pushi/vec4 11, 0, 4;
    %store/vec4 v0x55707e3e50f0_0, 0, 4;
    %delay 10, 0;
    %vpi_call 2 124 "$finish" {0 0 0};
    %end;
    .thread T_4;
# The file index is used to find the file name in the following table.
:file_names 4;
    "N/A";
    "<interactive>";
    "memory_64_tb.v";
    "./memory_64.v";
