#! /usr/bin/vvp
:ivl_version "11.0 (stable)";
:ivl_delay_selection "TYPICAL";
:vpi_time_precision + 0;
:vpi_module "/usr/lib/x86_64-linux-gnu/ivl/system.vpi";
:vpi_module "/usr/lib/x86_64-linux-gnu/ivl/vhdl_sys.vpi";
:vpi_module "/usr/lib/x86_64-linux-gnu/ivl/vhdl_textio.vpi";
:vpi_module "/usr/lib/x86_64-linux-gnu/ivl/v2005_math.vpi";
:vpi_module "/usr/lib/x86_64-linux-gnu/ivl/va_math.vpi";
S_0x55c573e07a50 .scope module, "decode_64_tb" "decode_64_tb" 2 3;
 .timescale 0 0;
v0x55c573e2bfa0_0 .var "R", 959 0;
v0x55c573e2c090_0 .var "clk", 0 0;
v0x55c573e2c160_0 .var "icode", 3 0;
v0x55c573e2c260_0 .var "rA", 3 0;
v0x55c573e2c330_0 .var "rB", 3 0;
v0x55c573e2c420_0 .net "valA", 63 0, v0x55c573e2bd00_0;  1 drivers
v0x55c573e2c4f0_0 .net "valB", 63 0, v0x55c573e2bde0_0;  1 drivers
S_0x55c573e07be0 .scope module, "uut1" "decode_64" 2 12, 3 1 0, S_0x55c573e07a50;
 .timescale 0 0;
    .port_info 0 /INPUT 1 "clk";
    .port_info 1 /INPUT 4 "icode";
    .port_info 2 /INPUT 4 "rA";
    .port_info 3 /INPUT 4 "rB";
    .port_info 4 /INPUT 960 "R";
    .port_info 5 /OUTPUT 64 "valA";
    .port_info 6 /OUTPUT 64 "valB";
v0x55c573dcaba0_0 .net "R", 959 0, v0x55c573e2bfa0_0;  1 drivers
v0x55c573e2b940_0 .net "clk", 0 0, v0x55c573e2c090_0;  1 drivers
v0x55c573e2ba00_0 .net "icode", 3 0, v0x55c573e2c160_0;  1 drivers
v0x55c573e2baf0_0 .net "rA", 3 0, v0x55c573e2c260_0;  1 drivers
v0x55c573e2bbd0_0 .net "rB", 3 0, v0x55c573e2c330_0;  1 drivers
v0x55c573e2bd00_0 .var "valA", 63 0;
v0x55c573e2bde0_0 .var "valB", 63 0;
E_0x55c573e02ef0 .event edge, v0x55c573e2ba00_0;
    .scope S_0x55c573e07be0;
T_0 ;
    %wait E_0x55c573e02ef0;
    %load/vec4 v0x55c573e2ba00_0;
    %dup/vec4;
    %pushi/vec4 2, 0, 4;
    %cmp/u;
    %jmp/1 T_0.0, 6;
    %dup/vec4;
    %pushi/vec4 4, 0, 4;
    %cmp/u;
    %jmp/1 T_0.1, 6;
    %dup/vec4;
    %pushi/vec4 5, 0, 4;
    %cmp/u;
    %jmp/1 T_0.2, 6;
    %dup/vec4;
    %pushi/vec4 6, 0, 4;
    %cmp/u;
    %jmp/1 T_0.3, 6;
    %dup/vec4;
    %pushi/vec4 8, 0, 4;
    %cmp/u;
    %jmp/1 T_0.4, 6;
    %dup/vec4;
    %pushi/vec4 9, 0, 4;
    %cmp/u;
    %jmp/1 T_0.5, 6;
    %dup/vec4;
    %pushi/vec4 10, 0, 4;
    %cmp/u;
    %jmp/1 T_0.6, 6;
    %dup/vec4;
    %pushi/vec4 11, 0, 4;
    %cmp/u;
    %jmp/1 T_0.7, 6;
    %jmp T_0.9;
T_0.0 ;
    %load/vec4 v0x55c573dcaba0_0;
    %load/vec4 v0x55c573e2baf0_0;
    %pad/u 63;
    %pad/u 67;
    %muli 15, 0, 67;
    %part/u 15;
    %pad/u 64;
    %store/vec4 v0x55c573e2bd00_0, 0, 64;
    %pushi/vec4 0, 0, 64;
    %store/vec4 v0x55c573e2bde0_0, 0, 64;
    %jmp T_0.9;
T_0.1 ;
    %load/vec4 v0x55c573dcaba0_0;
    %load/vec4 v0x55c573e2baf0_0;
    %pad/u 63;
    %pad/u 67;
    %muli 15, 0, 67;
    %part/u 15;
    %pad/u 64;
    %store/vec4 v0x55c573e2bd00_0, 0, 64;
    %load/vec4 v0x55c573dcaba0_0;
    %load/vec4 v0x55c573e2bbd0_0;
    %pad/u 63;
    %pad/u 67;
    %muli 15, 0, 67;
    %part/u 15;
    %pad/u 64;
    %store/vec4 v0x55c573e2bde0_0, 0, 64;
    %jmp T_0.9;
T_0.2 ;
    %load/vec4 v0x55c573dcaba0_0;
    %load/vec4 v0x55c573e2bbd0_0;
    %pad/u 63;
    %pad/u 67;
    %muli 15, 0, 67;
    %part/u 15;
    %pad/u 64;
    %store/vec4 v0x55c573e2bde0_0, 0, 64;
    %jmp T_0.9;
T_0.3 ;
    %load/vec4 v0x55c573dcaba0_0;
    %load/vec4 v0x55c573e2baf0_0;
    %pad/u 63;
    %pad/u 67;
    %muli 15, 0, 67;
    %part/u 15;
    %pad/u 64;
    %store/vec4 v0x55c573e2bd00_0, 0, 64;
    %load/vec4 v0x55c573dcaba0_0;
    %load/vec4 v0x55c573e2bbd0_0;
    %pad/u 63;
    %pad/u 67;
    %muli 15, 0, 67;
    %part/u 15;
    %pad/u 64;
    %store/vec4 v0x55c573e2bde0_0, 0, 64;
    %jmp T_0.9;
T_0.4 ;
    %load/vec4 v0x55c573dcaba0_0;
    %parti/s 15, 60, 7;
    %pad/u 64;
    %store/vec4 v0x55c573e2bde0_0, 0, 64;
    %jmp T_0.9;
T_0.5 ;
    %load/vec4 v0x55c573dcaba0_0;
    %parti/s 15, 60, 7;
    %pad/u 64;
    %store/vec4 v0x55c573e2bd00_0, 0, 64;
    %load/vec4 v0x55c573dcaba0_0;
    %parti/s 15, 60, 7;
    %pad/u 64;
    %store/vec4 v0x55c573e2bde0_0, 0, 64;
    %jmp T_0.9;
T_0.6 ;
    %load/vec4 v0x55c573dcaba0_0;
    %load/vec4 v0x55c573e2baf0_0;
    %pad/u 63;
    %pad/u 67;
    %muli 15, 0, 67;
    %part/u 15;
    %pad/u 64;
    %store/vec4 v0x55c573e2bd00_0, 0, 64;
    %load/vec4 v0x55c573dcaba0_0;
    %parti/s 15, 60, 7;
    %pad/u 64;
    %store/vec4 v0x55c573e2bde0_0, 0, 64;
    %jmp T_0.9;
T_0.7 ;
    %load/vec4 v0x55c573dcaba0_0;
    %parti/s 15, 60, 7;
    %pad/u 64;
    %store/vec4 v0x55c573e2bd00_0, 0, 64;
    %load/vec4 v0x55c573dcaba0_0;
    %parti/s 15, 60, 7;
    %pad/u 64;
    %store/vec4 v0x55c573e2bde0_0, 0, 64;
    %jmp T_0.9;
T_0.9 ;
    %pop/vec4 1;
    %jmp T_0;
    .thread T_0, $push;
    .scope S_0x55c573e07a50;
T_1 ;
    %vpi_call 2 15 "$dumpfile", "decode_output.vcd" {0 0 0};
    %vpi_call 2 16 "$dumpvars", 32'sb00000000000000000000000000000000, S_0x55c573e07a50 {0 0 0};
    %end;
    .thread T_1;
    .scope S_0x55c573e07a50;
T_2 ;
    %delay 5, 0;
    %load/vec4 v0x55c573e2c090_0;
    %inv;
    %store/vec4 v0x55c573e2c090_0, 0, 1;
    %jmp T_2;
    .thread T_2;
    .scope S_0x55c573e07a50;
T_3 ;
    %vpi_call 2 22 "$monitor", $time, "ns: icode:%d \011 rA:%d;  rB:%d \011 valA:%d;  valB:%d", v0x55c573e2c160_0, v0x55c573e2c260_0, v0x55c573e2c330_0, v0x55c573e2c420_0, v0x55c573e2c4f0_0 {0 0 0};
    %pushi/vec4 999, 0, 15;
    %ix/load 4, 0, 0;
    %flag_set/imm 4, 0;
    %store/vec4 v0x55c573e2bfa0_0, 4, 15;
    %pushi/vec4 888, 0, 15;
    %ix/load 4, 15, 0;
    %flag_set/imm 4, 0;
    %store/vec4 v0x55c573e2bfa0_0, 4, 15;
    %pushi/vec4 777, 0, 15;
    %ix/load 4, 30, 0;
    %flag_set/imm 4, 0;
    %store/vec4 v0x55c573e2bfa0_0, 4, 15;
    %pushi/vec4 666, 0, 15;
    %ix/load 4, 45, 0;
    %flag_set/imm 4, 0;
    %store/vec4 v0x55c573e2bfa0_0, 4, 15;
    %pushi/vec4 555, 0, 15;
    %ix/load 4, 60, 0;
    %flag_set/imm 4, 0;
    %store/vec4 v0x55c573e2bfa0_0, 4, 15;
    %pushi/vec4 444, 0, 15;
    %ix/load 4, 75, 0;
    %flag_set/imm 4, 0;
    %store/vec4 v0x55c573e2bfa0_0, 4, 15;
    %pushi/vec4 333, 0, 15;
    %ix/load 4, 90, 0;
    %flag_set/imm 4, 0;
    %store/vec4 v0x55c573e2bfa0_0, 4, 15;
    %pushi/vec4 222, 0, 15;
    %ix/load 4, 105, 0;
    %flag_set/imm 4, 0;
    %store/vec4 v0x55c573e2bfa0_0, 4, 15;
    %pushi/vec4 111, 0, 15;
    %ix/load 4, 120, 0;
    %flag_set/imm 4, 0;
    %store/vec4 v0x55c573e2bfa0_0, 4, 15;
    %pushi/vec4 10, 0, 15;
    %ix/load 4, 135, 0;
    %flag_set/imm 4, 0;
    %store/vec4 v0x55c573e2bfa0_0, 4, 15;
    %pushi/vec4 20, 0, 15;
    %ix/load 4, 150, 0;
    %flag_set/imm 4, 0;
    %store/vec4 v0x55c573e2bfa0_0, 4, 15;
    %pushi/vec4 30, 0, 15;
    %ix/load 4, 165, 0;
    %flag_set/imm 4, 0;
    %store/vec4 v0x55c573e2bfa0_0, 4, 15;
    %pushi/vec4 40, 0, 15;
    %ix/load 4, 180, 0;
    %flag_set/imm 4, 0;
    %store/vec4 v0x55c573e2bfa0_0, 4, 15;
    %pushi/vec4 50, 0, 15;
    %ix/load 4, 195, 0;
    %flag_set/imm 4, 0;
    %store/vec4 v0x55c573e2bfa0_0, 4, 15;
    %pushi/vec4 60, 0, 15;
    %ix/load 4, 210, 0;
    %flag_set/imm 4, 0;
    %store/vec4 v0x55c573e2bfa0_0, 4, 15;
    %pushi/vec4 1, 0, 1;
    %store/vec4 v0x55c573e2c090_0, 0, 1;
    %pushi/vec4 0, 0, 4;
    %store/vec4 v0x55c573e2c160_0, 0, 4;
    %pushi/vec4 1, 0, 4;
    %store/vec4 v0x55c573e2c260_0, 0, 4;
    %pushi/vec4 12, 0, 4;
    %store/vec4 v0x55c573e2c330_0, 0, 4;
    %delay 10, 0;
    %pushi/vec4 1, 0, 4;
    %store/vec4 v0x55c573e2c160_0, 0, 4;
    %pushi/vec4 0, 0, 4;
    %store/vec4 v0x55c573e2c260_0, 0, 4;
    %pushi/vec4 2, 0, 4;
    %store/vec4 v0x55c573e2c330_0, 0, 4;
    %delay 10, 0;
    %pushi/vec4 2, 0, 4;
    %store/vec4 v0x55c573e2c160_0, 0, 4;
    %pushi/vec4 10, 0, 4;
    %store/vec4 v0x55c573e2c260_0, 0, 4;
    %pushi/vec4 1, 0, 4;
    %store/vec4 v0x55c573e2c330_0, 0, 4;
    %delay 10, 0;
    %pushi/vec4 13, 0, 4;
    %store/vec4 v0x55c573e2c260_0, 0, 4;
    %pushi/vec4 12, 0, 4;
    %store/vec4 v0x55c573e2c330_0, 0, 4;
    %pushi/vec4 3, 0, 4;
    %store/vec4 v0x55c573e2c160_0, 0, 4;
    %delay 10, 0;
    %pushi/vec4 2, 0, 4;
    %store/vec4 v0x55c573e2c260_0, 0, 4;
    %pushi/vec4 3, 0, 4;
    %store/vec4 v0x55c573e2c330_0, 0, 4;
    %pushi/vec4 4, 0, 4;
    %store/vec4 v0x55c573e2c160_0, 0, 4;
    %delay 10, 0;
    %pushi/vec4 13, 0, 4;
    %store/vec4 v0x55c573e2c260_0, 0, 4;
    %pushi/vec4 5, 0, 4;
    %store/vec4 v0x55c573e2c330_0, 0, 4;
    %pushi/vec4 5, 0, 4;
    %store/vec4 v0x55c573e2c160_0, 0, 4;
    %delay 10, 0;
    %pushi/vec4 10, 0, 4;
    %store/vec4 v0x55c573e2c260_0, 0, 4;
    %pushi/vec4 7, 0, 4;
    %store/vec4 v0x55c573e2c330_0, 0, 4;
    %pushi/vec4 6, 0, 4;
    %store/vec4 v0x55c573e2c160_0, 0, 4;
    %delay 10, 0;
    %pushi/vec4 6, 0, 4;
    %store/vec4 v0x55c573e2c260_0, 0, 4;
    %pushi/vec4 7, 0, 4;
    %store/vec4 v0x55c573e2c330_0, 0, 4;
    %pushi/vec4 7, 0, 4;
    %store/vec4 v0x55c573e2c160_0, 0, 4;
    %delay 10, 0;
    %pushi/vec4 13, 0, 4;
    %store/vec4 v0x55c573e2c260_0, 0, 4;
    %pushi/vec4 7, 0, 4;
    %store/vec4 v0x55c573e2c330_0, 0, 4;
    %pushi/vec4 8, 0, 4;
    %store/vec4 v0x55c573e2c160_0, 0, 4;
    %delay 10, 0;
    %pushi/vec4 11, 0, 4;
    %store/vec4 v0x55c573e2c260_0, 0, 4;
    %pushi/vec4 12, 0, 4;
    %store/vec4 v0x55c573e2c330_0, 0, 4;
    %pushi/vec4 9, 0, 4;
    %store/vec4 v0x55c573e2c160_0, 0, 4;
    %delay 10, 0;
    %pushi/vec4 5, 0, 4;
    %store/vec4 v0x55c573e2c260_0, 0, 4;
    %pushi/vec4 2, 0, 4;
    %store/vec4 v0x55c573e2c330_0, 0, 4;
    %pushi/vec4 10, 0, 4;
    %store/vec4 v0x55c573e2c160_0, 0, 4;
    %delay 10, 0;
    %pushi/vec4 1, 0, 4;
    %store/vec4 v0x55c573e2c260_0, 0, 4;
    %pushi/vec4 7, 0, 4;
    %store/vec4 v0x55c573e2c330_0, 0, 4;
    %pushi/vec4 11, 0, 4;
    %store/vec4 v0x55c573e2c160_0, 0, 4;
    %vpi_call 2 101 "$finish" {0 0 0};
    %end;
    .thread T_3;
# The file index is used to find the file name in the following table.
:file_names 4;
    "N/A";
    "<interactive>";
    "decode_64_tb.v";
    "./decode_64.v";
