#! /usr/bin/vvp
:ivl_version "11.0 (stable)";
:ivl_delay_selection "TYPICAL";
:vpi_time_precision + 0;
:vpi_module "/usr/lib/x86_64-linux-gnu/ivl/system.vpi";
:vpi_module "/usr/lib/x86_64-linux-gnu/ivl/vhdl_sys.vpi";
:vpi_module "/usr/lib/x86_64-linux-gnu/ivl/vhdl_textio.vpi";
:vpi_module "/usr/lib/x86_64-linux-gnu/ivl/v2005_math.vpi";
:vpi_module "/usr/lib/x86_64-linux-gnu/ivl/va_math.vpi";
S_0x55833b9493c0 .scope module, "fetch_tb" "fetch_tb" 2 3;
 .timescale 0 0;
v0x55833b975a60 .array "IM", 23 0, 7 0;
v0x55833b975b40_0 .var "PC", 63 0;
v0x55833b975c00_0 .var "clk", 0 0;
v0x55833b975d00_0 .net "icode", 3 0, v0x55833b9750d0_0;  1 drivers
v0x55833b975dd0_0 .net "ifun", 3 0, v0x55833b975190_0;  1 drivers
v0x55833b975e70_0 .net "imem_error", 0 0, v0x55833b975270_0;  1 drivers
v0x55833b975f40_0 .net "instr_valid", 0 0, v0x55833b975380_0;  1 drivers
v0x55833b976010_0 .var "instruction", 0 79;
v0x55833b9760e0_0 .var "p", 0 0;
v0x55833b976210_0 .net "rA", 3 0, v0x55833b975520_0;  1 drivers
v0x55833b9762e0_0 .net "rB", 3 0, v0x55833b975600_0;  1 drivers
v0x55833b9763b0_0 .net "valC", 63 0, v0x55833b9756e0_0;  1 drivers
v0x55833b976480_0 .net "valP", 63 0, v0x55833b9757c0_0;  1 drivers
E_0x55833b93a260 .event edge, v0x55833b975270_0;
E_0x55833b93a6e0 .event edge, v0x55833b9757c0_0;
E_0x55833b9239b0 .event edge, v0x55833b949790_0;
E_0x55833b937130 .event edge, v0x55833b9750d0_0;
S_0x55833b9495e0 .scope module, "fetch1" "fetch_64" 2 10, 3 1 0, S_0x55833b9493c0;
 .timescale 0 0;
    .port_info 0 /INPUT 80 "instruction";
    .port_info 1 /INPUT 64 "PC";
    .port_info 2 /INPUT 1 "clk";
    .port_info 3 /OUTPUT 4 "icode";
    .port_info 4 /OUTPUT 4 "ifun";
    .port_info 5 /OUTPUT 4 "rA";
    .port_info 6 /OUTPUT 4 "rB";
    .port_info 7 /OUTPUT 64 "valC";
    .port_info 8 /OUTPUT 64 "valP";
    .port_info 9 /OUTPUT 1 "imem_error";
    .port_info 10 /OUTPUT 1 "instr_valid";
v0x55833b949790_0 .net "PC", 63 0, v0x55833b975b40_0;  1 drivers
v0x55833b975010_0 .net "clk", 0 0, v0x55833b975c00_0;  1 drivers
v0x55833b9750d0_0 .var "icode", 3 0;
v0x55833b975190_0 .var "ifun", 3 0;
v0x55833b975270_0 .var "imem_error", 0 0;
v0x55833b975380_0 .var "instr_valid", 0 0;
v0x55833b975440_0 .net "instruction", 0 79, v0x55833b976010_0;  1 drivers
v0x55833b975520_0 .var "rA", 3 0;
v0x55833b975600_0 .var "rB", 3 0;
v0x55833b9756e0_0 .var "valC", 63 0;
v0x55833b9757c0_0 .var "valP", 63 0;
E_0x55833b937340 .event posedge, v0x55833b975010_0;
    .scope S_0x55833b9495e0;
T_0 ;
    %wait E_0x55833b937340;
    %load/vec4 v0x55833b975440_0;
    %parti/s 4, 76, 8;
    %store/vec4 v0x55833b9750d0_0, 0, 4;
    %load/vec4 v0x55833b975440_0;
    %parti/s 4, 72, 8;
    %store/vec4 v0x55833b975190_0, 0, 4;
    %load/vec4 v0x55833b9750d0_0;
    %dup/vec4;
    %pushi/vec4 0, 0, 4;
    %cmp/u;
    %jmp/1 T_0.0, 6;
    %dup/vec4;
    %pushi/vec4 1, 0, 4;
    %cmp/u;
    %jmp/1 T_0.1, 6;
    %dup/vec4;
    %pushi/vec4 2, 0, 4;
    %cmp/u;
    %jmp/1 T_0.2, 6;
    %dup/vec4;
    %pushi/vec4 3, 0, 4;
    %cmp/u;
    %jmp/1 T_0.3, 6;
    %dup/vec4;
    %pushi/vec4 4, 0, 4;
    %cmp/u;
    %jmp/1 T_0.4, 6;
    %dup/vec4;
    %pushi/vec4 5, 0, 4;
    %cmp/u;
    %jmp/1 T_0.5, 6;
    %dup/vec4;
    %pushi/vec4 6, 0, 4;
    %cmp/u;
    %jmp/1 T_0.6, 6;
    %dup/vec4;
    %pushi/vec4 7, 0, 4;
    %cmp/u;
    %jmp/1 T_0.7, 6;
    %dup/vec4;
    %pushi/vec4 8, 0, 4;
    %cmp/u;
    %jmp/1 T_0.8, 6;
    %dup/vec4;
    %pushi/vec4 9, 0, 4;
    %cmp/u;
    %jmp/1 T_0.9, 6;
    %dup/vec4;
    %pushi/vec4 10, 0, 4;
    %cmp/u;
    %jmp/1 T_0.10, 6;
    %dup/vec4;
    %pushi/vec4 11, 0, 4;
    %cmp/u;
    %jmp/1 T_0.11, 6;
    %pushi/vec4 0, 0, 1;
    %store/vec4 v0x55833b975380_0, 0, 1;
    %jmp T_0.13;
T_0.0 ;
    %load/vec4 v0x55833b949790_0;
    %addi 1, 0, 64;
    %store/vec4 v0x55833b9757c0_0, 0, 64;
    %jmp T_0.13;
T_0.1 ;
    %load/vec4 v0x55833b949790_0;
    %addi 1, 0, 64;
    %store/vec4 v0x55833b9757c0_0, 0, 64;
    %jmp T_0.13;
T_0.2 ;
    %load/vec4 v0x55833b975440_0;
    %parti/s 4, 64, 8;
    %store/vec4 v0x55833b975600_0, 0, 4;
    %load/vec4 v0x55833b975440_0;
    %parti/s 4, 68, 8;
    %store/vec4 v0x55833b975520_0, 0, 4;
    %load/vec4 v0x55833b949790_0;
    %addi 2, 0, 64;
    %store/vec4 v0x55833b9757c0_0, 0, 64;
    %jmp T_0.13;
T_0.3 ;
    %load/vec4 v0x55833b975440_0;
    %parti/s 4, 68, 8;
    %store/vec4 v0x55833b975520_0, 0, 4;
    %load/vec4 v0x55833b975440_0;
    %parti/s 4, 64, 8;
    %store/vec4 v0x55833b975600_0, 0, 4;
    %load/vec4 v0x55833b975440_0;
    %parti/s 8, 0, 2;
    %load/vec4 v0x55833b975440_0;
    %parti/s 8, 8, 5;
    %concat/vec4; draw_concat_vec4
    %load/vec4 v0x55833b975440_0;
    %parti/s 8, 16, 6;
    %concat/vec4; draw_concat_vec4
    %load/vec4 v0x55833b975440_0;
    %parti/s 8, 24, 6;
    %concat/vec4; draw_concat_vec4
    %load/vec4 v0x55833b975440_0;
    %parti/s 8, 32, 7;
    %concat/vec4; draw_concat_vec4
    %load/vec4 v0x55833b975440_0;
    %parti/s 8, 40, 7;
    %concat/vec4; draw_concat_vec4
    %load/vec4 v0x55833b975440_0;
    %parti/s 8, 48, 7;
    %concat/vec4; draw_concat_vec4
    %load/vec4 v0x55833b975440_0;
    %parti/s 8, 56, 7;
    %concat/vec4; draw_concat_vec4
    %store/vec4 v0x55833b9756e0_0, 0, 64;
    %load/vec4 v0x55833b949790_0;
    %addi 10, 0, 64;
    %store/vec4 v0x55833b9757c0_0, 0, 64;
    %jmp T_0.13;
T_0.4 ;
    %load/vec4 v0x55833b975440_0;
    %parti/s 4, 68, 8;
    %store/vec4 v0x55833b975520_0, 0, 4;
    %load/vec4 v0x55833b975440_0;
    %parti/s 4, 64, 8;
    %store/vec4 v0x55833b975600_0, 0, 4;
    %load/vec4 v0x55833b975440_0;
    %parti/s 8, 0, 2;
    %load/vec4 v0x55833b975440_0;
    %parti/s 8, 8, 5;
    %concat/vec4; draw_concat_vec4
    %load/vec4 v0x55833b975440_0;
    %parti/s 8, 16, 6;
    %concat/vec4; draw_concat_vec4
    %load/vec4 v0x55833b975440_0;
    %parti/s 8, 24, 6;
    %concat/vec4; draw_concat_vec4
    %load/vec4 v0x55833b975440_0;
    %parti/s 8, 32, 7;
    %concat/vec4; draw_concat_vec4
    %load/vec4 v0x55833b975440_0;
    %parti/s 8, 40, 7;
    %concat/vec4; draw_concat_vec4
    %load/vec4 v0x55833b975440_0;
    %parti/s 8, 48, 7;
    %concat/vec4; draw_concat_vec4
    %load/vec4 v0x55833b975440_0;
    %parti/s 8, 56, 7;
    %concat/vec4; draw_concat_vec4
    %store/vec4 v0x55833b9756e0_0, 0, 64;
    %load/vec4 v0x55833b949790_0;
    %addi 10, 0, 64;
    %store/vec4 v0x55833b9757c0_0, 0, 64;
    %jmp T_0.13;
T_0.5 ;
    %load/vec4 v0x55833b975440_0;
    %parti/s 4, 68, 8;
    %store/vec4 v0x55833b975520_0, 0, 4;
    %load/vec4 v0x55833b975440_0;
    %parti/s 4, 64, 8;
    %store/vec4 v0x55833b975600_0, 0, 4;
    %load/vec4 v0x55833b975440_0;
    %parti/s 8, 0, 2;
    %load/vec4 v0x55833b975440_0;
    %parti/s 8, 8, 5;
    %concat/vec4; draw_concat_vec4
    %load/vec4 v0x55833b975440_0;
    %parti/s 8, 16, 6;
    %concat/vec4; draw_concat_vec4
    %load/vec4 v0x55833b975440_0;
    %parti/s 8, 24, 6;
    %concat/vec4; draw_concat_vec4
    %load/vec4 v0x55833b975440_0;
    %parti/s 8, 32, 7;
    %concat/vec4; draw_concat_vec4
    %load/vec4 v0x55833b975440_0;
    %parti/s 8, 40, 7;
    %concat/vec4; draw_concat_vec4
    %load/vec4 v0x55833b975440_0;
    %parti/s 8, 48, 7;
    %concat/vec4; draw_concat_vec4
    %load/vec4 v0x55833b975440_0;
    %parti/s 8, 56, 7;
    %concat/vec4; draw_concat_vec4
    %store/vec4 v0x55833b9756e0_0, 0, 64;
    %load/vec4 v0x55833b949790_0;
    %addi 10, 0, 64;
    %store/vec4 v0x55833b9757c0_0, 0, 64;
    %jmp T_0.13;
T_0.6 ;
    %load/vec4 v0x55833b975440_0;
    %parti/s 4, 68, 8;
    %store/vec4 v0x55833b975520_0, 0, 4;
    %load/vec4 v0x55833b975440_0;
    %parti/s 4, 64, 8;
    %store/vec4 v0x55833b975600_0, 0, 4;
    %load/vec4 v0x55833b949790_0;
    %addi 2, 0, 64;
    %store/vec4 v0x55833b9757c0_0, 0, 64;
    %jmp T_0.13;
T_0.7 ;
    %load/vec4 v0x55833b975440_0;
    %parti/s 8, 8, 5;
    %load/vec4 v0x55833b975440_0;
    %parti/s 8, 16, 6;
    %concat/vec4; draw_concat_vec4
    %load/vec4 v0x55833b975440_0;
    %parti/s 8, 24, 6;
    %concat/vec4; draw_concat_vec4
    %load/vec4 v0x55833b975440_0;
    %parti/s 8, 32, 7;
    %concat/vec4; draw_concat_vec4
    %load/vec4 v0x55833b975440_0;
    %parti/s 8, 40, 7;
    %concat/vec4; draw_concat_vec4
    %load/vec4 v0x55833b975440_0;
    %parti/s 8, 48, 7;
    %concat/vec4; draw_concat_vec4
    %load/vec4 v0x55833b975440_0;
    %parti/s 8, 56, 7;
    %concat/vec4; draw_concat_vec4
    %load/vec4 v0x55833b975440_0;
    %parti/s 8, 64, 8;
    %concat/vec4; draw_concat_vec4
    %store/vec4 v0x55833b9756e0_0, 0, 64;
    %load/vec4 v0x55833b949790_0;
    %addi 9, 0, 64;
    %store/vec4 v0x55833b9757c0_0, 0, 64;
    %jmp T_0.13;
T_0.8 ;
    %load/vec4 v0x55833b975440_0;
    %parti/s 8, 8, 5;
    %load/vec4 v0x55833b975440_0;
    %parti/s 8, 16, 6;
    %concat/vec4; draw_concat_vec4
    %load/vec4 v0x55833b975440_0;
    %parti/s 8, 24, 6;
    %concat/vec4; draw_concat_vec4
    %load/vec4 v0x55833b975440_0;
    %parti/s 8, 32, 7;
    %concat/vec4; draw_concat_vec4
    %load/vec4 v0x55833b975440_0;
    %parti/s 8, 40, 7;
    %concat/vec4; draw_concat_vec4
    %load/vec4 v0x55833b975440_0;
    %parti/s 8, 48, 7;
    %concat/vec4; draw_concat_vec4
    %load/vec4 v0x55833b975440_0;
    %parti/s 8, 56, 7;
    %concat/vec4; draw_concat_vec4
    %load/vec4 v0x55833b975440_0;
    %parti/s 8, 64, 8;
    %concat/vec4; draw_concat_vec4
    %store/vec4 v0x55833b9756e0_0, 0, 64;
    %load/vec4 v0x55833b949790_0;
    %addi 9, 0, 64;
    %store/vec4 v0x55833b9757c0_0, 0, 64;
    %jmp T_0.13;
T_0.9 ;
    %load/vec4 v0x55833b949790_0;
    %addi 1, 0, 64;
    %store/vec4 v0x55833b9757c0_0, 0, 64;
    %jmp T_0.13;
T_0.10 ;
    %load/vec4 v0x55833b975440_0;
    %parti/s 4, 68, 8;
    %store/vec4 v0x55833b975520_0, 0, 4;
    %load/vec4 v0x55833b975440_0;
    %parti/s 4, 64, 8;
    %store/vec4 v0x55833b975600_0, 0, 4;
    %load/vec4 v0x55833b949790_0;
    %addi 2, 0, 64;
    %store/vec4 v0x55833b9757c0_0, 0, 64;
    %jmp T_0.13;
T_0.11 ;
    %load/vec4 v0x55833b975440_0;
    %parti/s 4, 68, 8;
    %store/vec4 v0x55833b975520_0, 0, 4;
    %load/vec4 v0x55833b975440_0;
    %parti/s 4, 64, 8;
    %store/vec4 v0x55833b975600_0, 0, 4;
    %load/vec4 v0x55833b949790_0;
    %addi 2, 0, 64;
    %store/vec4 v0x55833b9757c0_0, 0, 64;
    %jmp T_0.13;
T_0.13 ;
    %pop/vec4 1;
    %load/vec4 v0x55833b949790_0;
    %cmpi/u 1023, 0, 64;
    %flag_or 5, 4; GT is !LE
    %flag_inv 5;
    %jmp/0xz  T_0.14, 5;
    %pushi/vec4 1, 0, 1;
    %store/vec4 v0x55833b975270_0, 0, 1;
    %jmp T_0.15;
T_0.14 ;
    %pushi/vec4 0, 0, 1;
    %store/vec4 v0x55833b975270_0, 0, 1;
T_0.15 ;
    %jmp T_0;
    .thread T_0;
    .scope S_0x55833b9493c0;
T_1 ;
    %delay 15, 0;
    %load/vec4 v0x55833b975c00_0;
    %pad/u 32;
    %cmpi/e 1, 0, 32;
    %flag_mov 8, 4;
    %jmp/0 T_1.0, 8;
    %pushi/vec4 0, 0, 2;
    %jmp/1 T_1.1, 8;
T_1.0 ; End of true expr.
    %pushi/vec4 1, 0, 2;
    %jmp/0 T_1.1, 8;
 ; End of false expr.
    %blend;
T_1.1;
    %pad/s 1;
    %store/vec4 v0x55833b975c00_0, 0, 1;
    %jmp T_1;
    .thread T_1;
    .scope S_0x55833b9493c0;
T_2 ;
    %vpi_call 2 18 "$dumpfile", "fetch_output.vcd" {0 0 0};
    %vpi_call 2 19 "$dumpvars", 32'sb00000000000000000000000000000000, S_0x55833b9493c0 {0 0 0};
    %vpi_call 2 21 "$monitor", $time, "ns   FETCH ---> icode:ifun = %d:%d rA=%d rB=%d,valC=%d, PC = %d \012 ", v0x55833b975d00_0, v0x55833b975dd0_0, v0x55833b976210_0, v0x55833b9762e0_0, v0x55833b9763b0_0, v0x55833b975b40_0 {0 0 0};
    %pushi/vec4 0, 0, 64;
    %store/vec4 v0x55833b975b40_0, 0, 64;
    %pushi/vec4 0, 0, 1;
    %store/vec4 v0x55833b975c00_0, 0, 1;
    %pushi/vec4 97, 0, 8;
    %ix/load 4, 0, 0;
    %flag_set/imm 4, 0;
    %store/vec4a v0x55833b975a60, 4, 0;
    %pushi/vec4 35, 0, 8;
    %ix/load 4, 1, 0;
    %flag_set/imm 4, 0;
    %store/vec4a v0x55833b975a60, 4, 0;
    %pushi/vec4 32, 0, 8;
    %ix/load 4, 2, 0;
    %flag_set/imm 4, 0;
    %store/vec4a v0x55833b975a60, 4, 0;
    %pushi/vec4 52, 0, 8;
    %ix/load 4, 3, 0;
    %flag_set/imm 4, 0;
    %store/vec4a v0x55833b975a60, 4, 0;
    %pushi/vec4 52, 0, 8;
    %ix/load 4, 4, 0;
    %flag_set/imm 4, 0;
    %store/vec4a v0x55833b975a60, 4, 0;
    %pushi/vec4 83, 0, 8;
    %ix/load 4, 5, 0;
    %flag_set/imm 4, 0;
    %store/vec4a v0x55833b975a60, 4, 0;
    %pushi/vec4 16, 0, 8;
    %ix/load 4, 6, 0;
    %flag_set/imm 4, 0;
    %store/vec4a v0x55833b975a60, 4, 0;
    %pushi/vec4 37, 0, 8;
    %ix/load 4, 7, 0;
    %flag_set/imm 4, 0;
    %store/vec4a v0x55833b975a60, 4, 0;
    %pushi/vec4 37, 0, 8;
    %ix/load 4, 8, 0;
    %flag_set/imm 4, 0;
    %store/vec4a v0x55833b975a60, 4, 0;
    %pushi/vec4 83, 0, 8;
    %ix/load 4, 9, 0;
    %flag_set/imm 4, 0;
    %store/vec4a v0x55833b975a60, 4, 0;
    %pushi/vec4 84, 0, 8;
    %ix/load 4, 10, 0;
    %flag_set/imm 4, 0;
    %store/vec4a v0x55833b975a60, 4, 0;
    %pushi/vec4 16, 0, 8;
    %ix/load 4, 11, 0;
    %flag_set/imm 4, 0;
    %store/vec4a v0x55833b975a60, 4, 0;
    %pushi/vec4 52, 0, 8;
    %ix/load 4, 12, 0;
    %flag_set/imm 4, 0;
    %store/vec4a v0x55833b975a60, 4, 0;
    %pushi/vec4 37, 0, 8;
    %ix/load 4, 13, 0;
    %flag_set/imm 4, 0;
    %store/vec4a v0x55833b975a60, 4, 0;
    %pushi/vec4 179, 0, 8;
    %ix/load 4, 14, 0;
    %flag_set/imm 4, 0;
    %store/vec4a v0x55833b975a60, 4, 0;
    %pushi/vec4 84, 0, 8;
    %ix/load 4, 15, 0;
    %flag_set/imm 4, 0;
    %store/vec4a v0x55833b975a60, 4, 0;
    %pushi/vec4 16, 0, 8;
    %ix/load 4, 16, 0;
    %flag_set/imm 4, 0;
    %store/vec4a v0x55833b975a60, 4, 0;
    %pushi/vec4 52, 0, 8;
    %ix/load 4, 17, 0;
    %flag_set/imm 4, 0;
    %store/vec4a v0x55833b975a60, 4, 0;
    %pushi/vec4 37, 0, 8;
    %ix/load 4, 18, 0;
    %flag_set/imm 4, 0;
    %store/vec4a v0x55833b975a60, 4, 0;
    %pushi/vec4 83, 0, 8;
    %ix/load 4, 19, 0;
    %flag_set/imm 4, 0;
    %store/vec4a v0x55833b975a60, 4, 0;
    %pushi/vec4 84, 0, 8;
    %ix/load 4, 20, 0;
    %flag_set/imm 4, 0;
    %store/vec4a v0x55833b975a60, 4, 0;
    %end;
    .thread T_2;
    .scope S_0x55833b9493c0;
T_3 ;
    %wait E_0x55833b937130;
    %load/vec4 v0x55833b975d00_0;
    %cmpi/ne 0, 0, 4;
    %flag_mov 8, 4;
    %jmp/0 T_3.0, 8;
    %pushi/vec4 0, 0, 1;
    %jmp/1 T_3.1, 8;
T_3.0 ; End of true expr.
    %pushi/vec4 1, 0, 1;
    %jmp/0 T_3.1, 8;
 ; End of false expr.
    %blend;
T_3.1;
    %store/vec4 v0x55833b9760e0_0, 0, 1;
    %load/vec4 v0x55833b9760e0_0;
    %cmpi/e 1, 0, 1;
    %jmp/0xz  T_3.2, 4;
    %vpi_call 2 57 "$finish" {0 0 0};
T_3.2 ;
    %jmp T_3;
    .thread T_3, $push;
    .scope S_0x55833b9493c0;
T_4 ;
    %wait E_0x55833b9239b0;
    %load/vec4 v0x55833b975b40_0;
    %cmpi/u 20, 0, 64;
    %flag_or 5, 4; GT is !LE
    %flag_inv 5;
    %jmp/0xz  T_4.0, 5;
    %vpi_call 2 63 "$finish" {0 0 0};
T_4.0 ;
    %ix/getv 4, v0x55833b975b40_0;
    %load/vec4a v0x55833b975a60, 4;
    %load/vec4 v0x55833b975b40_0;
    %pad/u 65;
    %addi 1, 0, 65;
    %ix/vec4 4;
    %load/vec4a v0x55833b975a60, 4;
    %concat/vec4; draw_concat_vec4
    %load/vec4 v0x55833b975b40_0;
    %pad/u 65;
    %addi 2, 0, 65;
    %ix/vec4 4;
    %load/vec4a v0x55833b975a60, 4;
    %concat/vec4; draw_concat_vec4
    %load/vec4 v0x55833b975b40_0;
    %pad/u 65;
    %addi 3, 0, 65;
    %ix/vec4 4;
    %load/vec4a v0x55833b975a60, 4;
    %concat/vec4; draw_concat_vec4
    %load/vec4 v0x55833b975b40_0;
    %pad/u 65;
    %addi 4, 0, 65;
    %ix/vec4 4;
    %load/vec4a v0x55833b975a60, 4;
    %concat/vec4; draw_concat_vec4
    %load/vec4 v0x55833b975b40_0;
    %pad/u 65;
    %addi 5, 0, 65;
    %ix/vec4 4;
    %load/vec4a v0x55833b975a60, 4;
    %concat/vec4; draw_concat_vec4
    %load/vec4 v0x55833b975b40_0;
    %pad/u 65;
    %addi 6, 0, 65;
    %ix/vec4 4;
    %load/vec4a v0x55833b975a60, 4;
    %concat/vec4; draw_concat_vec4
    %load/vec4 v0x55833b975b40_0;
    %pad/u 65;
    %addi 7, 0, 65;
    %ix/vec4 4;
    %load/vec4a v0x55833b975a60, 4;
    %concat/vec4; draw_concat_vec4
    %load/vec4 v0x55833b975b40_0;
    %pad/u 65;
    %addi 8, 0, 65;
    %ix/vec4 4;
    %load/vec4a v0x55833b975a60, 4;
    %concat/vec4; draw_concat_vec4
    %load/vec4 v0x55833b975b40_0;
    %pad/u 65;
    %addi 9, 0, 65;
    %ix/vec4 4;
    %load/vec4a v0x55833b975a60, 4;
    %concat/vec4; draw_concat_vec4
    %store/vec4 v0x55833b976010_0, 0, 80;
    %jmp T_4;
    .thread T_4, $push;
    .scope S_0x55833b9493c0;
T_5 ;
    %wait E_0x55833b93a6e0;
    %load/vec4 v0x55833b976480_0;
    %assign/vec4 v0x55833b975b40_0, 0;
    %jmp T_5;
    .thread T_5, $push;
    .scope S_0x55833b9493c0;
T_6 ;
    %wait E_0x55833b93a260;
    %load/vec4 v0x55833b975e70_0;
    %pad/u 32;
    %cmpi/e 1, 0, 32;
    %flag_mov 8, 4;
    %load/vec4 v0x55833b975f40_0;
    %pad/u 32;
    %cmpi/e 0, 0, 32;
    %flag_or 4, 8;
    %jmp/0xz  T_6.0, 4;
    %vpi_call 2 74 "$monitor", "Wrong instruction adress detected\012" {0 0 0};
T_6.0 ;
    %jmp T_6;
    .thread T_6, $push;
# The file index is used to find the file name in the following table.
:file_names 4;
    "N/A";
    "<interactive>";
    "fetch_64_testbench.v";
    "./fetch_64.v";
